<?xml version="1.0" encoding="UTF-8"?>
<testsuite xmlns:xsi="http://www.w3.org/2001/XMLSchema-instance" xsi:noNamespaceSchemaLocation="https://maven.apache.org/surefire/maven-surefire-plugin/xsd/surefire-test-report.xsd" version="3.0.2" name="TestSuite" time="7.684" tests="2" errors="0" skipped="0" failures="0">
  <properties>
[...]
</properties>
  <testcase name="verify_account_registration" classname="testCases.TC1_account_registration" time="2.969">
    <system-out><![CDATA[23:35:03.184 [main] DEBUG org.testng.TestNG - suiteXmlPath: "/home/sushma/eclipse-workspace/Opencart_demo/Master_testNG.xml"
https://tutorialsninja.com/demo/index.php?route=common/home
23:35:05.363 [main] INFO  testCases.TC1_account_registration - account registration started
23:35:05.466 [main] INFO  testCases.TC1_account_registration - we clicked on account option
23:35:06.224 [main] INFO  testCases.TC1_account_registration - we clicked on register option
23:35:06.224 [main] INFO  testCases.TC1_account_registration - opened registration page
]]></system-out>
    <system-err><![CDATA[Feb 04, 2026 11:35:03 PM org.openqa.selenium.remote.tracing.opentelemetry.OpenTelemetryTracer createTracer
INFO: Using OpenTelemetry for tracing
]]></system-err>
  </testcase>
  <testcase name="login" classname="testCases.TC2_Login" time="1.18">
    <system-out><![CDATA[https://tutorialsninja.com/demo/index.php?route=common/home
23:35:09.293 [main] INFO  testCases.TC2_Login - test execution of login started
23:35:10.473 [main] INFO  testCases.TC2_Login - test case execution completed
]]></system-out>
  </testcase>
</testsuite>