<?xml version="1.0" encoding="UTF-8"?>
<testng-results ignored="0" total="2" passed="2" failed="0" skipped="0">
  <reporter-output>
  </reporter-output>
  <suite started-at="2026-01-30T00:01:03 IST" name="Suite" finished-at="2026-01-30T00:01:11 IST" duration-ms="8253">
    <groups>
      <group name="regression">
        <method signature="TC1_account_registration.verify_account_registration()[pri:0, instance:testCases.TC1_account_registration@22b53226]" name="verify_account_registration" class="testCases.TC1_account_registration"/>
      </group> <!-- regression -->
      <group name="sanity">
        <method signature="TC1_account_registration.verify_account_registration()[pri:0, instance:testCases.TC1_account_registration@22b53226]" name="verify_account_registration" class="testCases.TC1_account_registration"/>
        <method signature="TC2_Login.login()[pri:0, instance:testCases.TC2_Login@40c80397]" name="login" class="testCases.TC2_Login"/>
      </group> <!-- sanity -->
    </groups>
    <test started-at="2026-01-30T00:01:03 IST" name="Test" finished-at="2026-01-30T00:01:11 IST" duration-ms="8253">
      <class name="testCases.TC1_account_registration">
        <test-method is-config="true" signature="setup(java.lang.String,java.lang.String)[pri:0, instance:testCases.TC1_account_registration@22b53226]" started-at="2026-01-30T00:01:03 IST" name="setup" finished-at="2026-01-30T00:01:05 IST" duration-ms="1926" status="PASS">
          <params>
            <param index="0">
              <value>
                <![CDATA[linux]]>
              </value>
            </param>
            <param index="1">
              <value>
                <![CDATA[chrome]]>
              </value>
            </param>
          </params>
          <reporter-output>
          </reporter-output>
        </test-method> <!-- setup -->
        <test-method signature="verify_account_registration()[pri:0, instance:testCases.TC1_account_registration@22b53226]" started-at="2026-01-30T00:01:05 IST" name="verify_account_registration" finished-at="2026-01-30T00:01:08 IST" duration-ms="2917" status="PASS">
          <reporter-output>
          </reporter-output>
        </test-method> <!-- verify_account_registration -->
        <test-method is-config="true" signature="closeBrowser()[pri:0, instance:testCases.TC1_account_registration@22b53226]" started-at="2026-01-30T00:01:08 IST" name="closeBrowser" finished-at="2026-01-30T00:01:08 IST" duration-ms="92" status="PASS">
          <reporter-output>
          </reporter-output>
        </test-method> <!-- closeBrowser -->
      </class> <!-- testCases.TC1_account_registration -->
      <class name="testCases.TC2_Login">
        <test-method is-config="true" signature="setup(java.lang.String,java.lang.String)[pri:0, instance:testCases.TC2_Login@40c80397]" started-at="2026-01-30T00:01:08 IST" name="setup" finished-at="2026-01-30T00:01:09 IST" duration-ms="1175" status="PASS">
          <params>
            <param index="0">
              <value>
                <![CDATA[linux]]>
              </value>
            </param>
            <param index="1">
              <value>
                <![CDATA[chrome]]>
              </value>
            </param>
          </params>
          <reporter-output>
          </reporter-output>
        </test-method> <!-- setup -->
        <test-method signature="login()[pri:0, instance:testCases.TC2_Login@40c80397]" started-at="2026-01-30T00:01:09 IST" name="login" finished-at="2026-01-30T00:01:11 IST" duration-ms="1770" status="PASS">
          <reporter-output>
          </reporter-output>
        </test-method> <!-- login -->
        <test-method is-config="true" signature="closeBrowser()[pri:0, instance:testCases.TC2_Login@40c80397]" started-at="2026-01-30T00:01:11 IST" name="closeBrowser" finished-at="2026-01-30T00:01:11 IST" duration-ms="92" status="PASS">
          <reporter-output>
          </reporter-output>
        </test-method> <!-- closeBrowser -->
      </class> <!-- testCases.TC2_Login -->
    </test> <!-- Test -->
  </suite> <!-- Suite -->
</testng-results>
